[0.007s] Invoking command in '/home/ros2_ws/build/ros2_app_cpp': CMAKE_PREFIX_PATH=/opt/ros/foxy /usr/bin/cmake --build /home/ros2_ws/build/ros2_app_cpp -- -j20 -l20
[0.039s] [100%] Built target number_publisher
[0.044s] Invoked command in '/home/ros2_ws/build/ros2_app_cpp' returned '0': CMAKE_PREFIX_PATH=/opt/ros/foxy /usr/bin/cmake --build /home/ros2_ws/build/ros2_app_cpp -- -j20 -l20
[0.062s] Invoking command in '/home/ros2_ws/build/ros2_app_cpp': CMAKE_PREFIX_PATH=/opt/ros/foxy /usr/bin/cmake --install /home/ros2_ws/build/ros2_app_cpp
[0.068s] -- Install configuration: ""
[0.069s] -- Up-to-date: /home/ros2_ws/install/ros2_app_cpp/lib/ros2_app_cpp/number_publisher
[0.069s] -- Up-to-date: /home/ros2_ws/install/ros2_app_cpp/share/ament_index/resource_index/package_run_dependencies/ros2_app_cpp
[0.069s] -- Up-to-date: /home/ros2_ws/install/ros2_app_cpp/share/ament_index/resource_index/parent_prefix_path/ros2_app_cpp
[0.069s] -- Up-to-date: /home/ros2_ws/install/ros2_app_cpp/share/ros2_app_cpp/environment/ament_prefix_path.sh
[0.069s] -- Up-to-date: /home/ros2_ws/install/ros2_app_cpp/share/ros2_app_cpp/environment/ament_prefix_path.dsv
[0.069s] -- Up-to-date: /home/ros2_ws/install/ros2_app_cpp/share/ros2_app_cpp/environment/path.sh
[0.069s] -- Up-to-date: /home/ros2_ws/install/ros2_app_cpp/share/ros2_app_cpp/environment/path.dsv
[0.069s] -- Up-to-date: /home/ros2_ws/install/ros2_app_cpp/share/ros2_app_cpp/local_setup.bash
[0.069s] -- Up-to-date: /home/ros2_ws/install/ros2_app_cpp/share/ros2_app_cpp/local_setup.sh
[0.069s] -- Up-to-date: /home/ros2_ws/install/ros2_app_cpp/share/ros2_app_cpp/local_setup.zsh
[0.069s] -- Up-to-date: /home/ros2_ws/install/ros2_app_cpp/share/ros2_app_cpp/local_setup.dsv
[0.070s] -- Up-to-date: /home/ros2_ws/install/ros2_app_cpp/share/ros2_app_cpp/package.dsv
[0.070s] -- Up-to-date: /home/ros2_ws/install/ros2_app_cpp/share/ament_index/resource_index/packages/ros2_app_cpp
[0.070s] -- Up-to-date: /home/ros2_ws/install/ros2_app_cpp/share/ros2_app_cpp/cmake/ros2_app_cppConfig.cmake
[0.070s] -- Up-to-date: /home/ros2_ws/install/ros2_app_cpp/share/ros2_app_cpp/cmake/ros2_app_cppConfig-version.cmake
[0.070s] -- Up-to-date: /home/ros2_ws/install/ros2_app_cpp/share/ros2_app_cpp/package.xml
[0.071s] Invoked command in '/home/ros2_ws/build/ros2_app_cpp' returned '0': CMAKE_PREFIX_PATH=/opt/ros/foxy /usr/bin/cmake --install /home/ros2_ws/build/ros2_app_cpp
