[0.079s] DEBUG:colcon:Command line arguments: ['/usr/bin/colcon', 'build', '--packages-select', 'ros2_app_cpp']
[0.079s] DEBUG:colcon:Parsed command line arguments: Namespace(allow_overriding=[], ament_cmake_args=None, base_paths=['.'], build_base='build', catkin_cmake_args=None, catkin_skip_building_tests=False, cmake_args=None, cmake_clean_cache=False, cmake_clean_first=False, cmake_force_configure=False, cmake_target=None, cmake_target_skip_unavailable=False, continue_on_error=False, event_handlers=None, executor='parallel', ignore_user_meta=False, install_base='install', log_base=None, log_level=None, main=<bound method BuildVerb.main of <colcon_core.verb.build.BuildVerb object at 0x7f1cf53ad6d0>>, merge_install=False, metas=['./colcon.meta'], packages_above=None, packages_above_and_dependencies=None, packages_above_depth=None, packages_end=None, packages_ignore=None, packages_ignore_regex=None, packages_select=['ros2_app_cpp'], packages_select_build_failed=False, packages_select_by_dep=None, packages_select_regex=None, packages_select_test_failures=False, packages_skip=None, packages_skip_build_finished=False, packages_skip_by_dep=None, packages_skip_regex=None, packages_skip_test_passed=False, packages_skip_up_to=None, packages_start=None, packages_up_to=None, packages_up_to_regex=None, parallel_workers=20, paths=None, symlink_install=False, test_result_base=None, verb_extension=<colcon_core.verb.build.BuildVerb object at 0x7f1cf53ad6d0>, verb_name='build', verb_parser=<colcon_defaults.argument_parser.defaults.DefaultArgumentsDecorator object at 0x7f1cf53adc10>)
[0.093s] Level 1:colcon.colcon_core.package_discovery:discover_packages(colcon_meta) check parameters
[0.093s] Level 1:colcon.colcon_core.package_discovery:discover_packages(recursive) check parameters
[0.093s] Level 1:colcon.colcon_core.package_discovery:discover_packages(ignore) check parameters
[0.093s] Level 1:colcon.colcon_core.package_discovery:discover_packages(path) check parameters
[0.093s] Level 1:colcon.colcon_core.package_discovery:discover_packages(colcon_meta) discover
[0.093s] Level 1:colcon.colcon_core.package_discovery:discover_packages(recursive) discover
[0.093s] INFO:colcon.colcon_core.package_discovery:Crawling recursively for packages in '/home/ros2_ws'
[0.093s] Level 1:colcon.colcon_core.package_identification:_identify(.) by extensions ['ignore', 'ignore_ament_install']
[0.093s] Level 1:colcon.colcon_core.package_identification:_identify(.) by extension 'ignore'
[0.093s] Level 1:colcon.colcon_core.package_identification:_identify(.) by extension 'ignore_ament_install'
[0.093s] Level 1:colcon.colcon_core.package_identification:_identify(.) by extensions ['colcon_pkg']
[0.093s] Level 1:colcon.colcon_core.package_identification:_identify(.) by extension 'colcon_pkg'
[0.093s] Level 1:colcon.colcon_core.package_identification:_identify(.) by extensions ['colcon_meta']
[0.093s] Level 1:colcon.colcon_core.package_identification:_identify(.) by extension 'colcon_meta'
[0.093s] Level 1:colcon.colcon_core.package_identification:_identify(.) by extensions ['ros']
[0.093s] Level 1:colcon.colcon_core.package_identification:_identify(.) by extension 'ros'
[0.100s] Level 1:colcon.colcon_core.package_identification:_identify(.) by extensions ['cmake', 'python']
[0.100s] Level 1:colcon.colcon_core.package_identification:_identify(.) by extension 'cmake'
[0.100s] Level 1:colcon.colcon_core.package_identification:_identify(.) by extension 'python'
[0.100s] Level 1:colcon.colcon_core.package_identification:_identify(.) by extensions ['python_setup_py']
[0.100s] Level 1:colcon.colcon_core.package_identification:_identify(.) by extension 'python_setup_py'
[0.100s] Level 1:colcon.colcon_core.package_identification:_identify(build) by extensions ['ignore', 'ignore_ament_install']
[0.100s] Level 1:colcon.colcon_core.package_identification:_identify(build) by extension 'ignore'
[0.100s] Level 1:colcon.colcon_core.package_identification:_identify(build) ignored
[0.100s] Level 1:colcon.colcon_core.package_identification:_identify(install) by extensions ['ignore', 'ignore_ament_install']
[0.100s] Level 1:colcon.colcon_core.package_identification:_identify(install) by extension 'ignore'
[0.100s] Level 1:colcon.colcon_core.package_identification:_identify(install) ignored
[0.101s] Level 1:colcon.colcon_core.package_identification:_identify(log) by extensions ['ignore', 'ignore_ament_install']
[0.101s] Level 1:colcon.colcon_core.package_identification:_identify(log) by extension 'ignore'
[0.101s] Level 1:colcon.colcon_core.package_identification:_identify(log) ignored
[0.101s] Level 1:colcon.colcon_core.package_identification:_identify(src) by extensions ['ignore', 'ignore_ament_install']
[0.101s] Level 1:colcon.colcon_core.package_identification:_identify(src) by extension 'ignore'
[0.101s] Level 1:colcon.colcon_core.package_identification:_identify(src) by extension 'ignore_ament_install'
[0.101s] Level 1:colcon.colcon_core.package_identification:_identify(src) by extensions ['colcon_pkg']
[0.101s] Level 1:colcon.colcon_core.package_identification:_identify(src) by extension 'colcon_pkg'
[0.101s] Level 1:colcon.colcon_core.package_identification:_identify(src) by extensions ['colcon_meta']
[0.101s] Level 1:colcon.colcon_core.package_identification:_identify(src) by extension 'colcon_meta'
[0.101s] Level 1:colcon.colcon_core.package_identification:_identify(src) by extensions ['ros']
[0.101s] Level 1:colcon.colcon_core.package_identification:_identify(src) by extension 'ros'
[0.101s] Level 1:colcon.colcon_core.package_identification:_identify(src) by extensions ['cmake', 'python']
[0.101s] Level 1:colcon.colcon_core.package_identification:_identify(src) by extension 'cmake'
[0.101s] Level 1:colcon.colcon_core.package_identification:_identify(src) by extension 'python'
[0.101s] Level 1:colcon.colcon_core.package_identification:_identify(src) by extensions ['python_setup_py']
[0.101s] Level 1:colcon.colcon_core.package_identification:_identify(src) by extension 'python_setup_py'
[0.101s] Level 1:colcon.colcon_core.package_identification:_identify(src/ros2_app_cpp) by extensions ['ignore', 'ignore_ament_install']
[0.101s] Level 1:colcon.colcon_core.package_identification:_identify(src/ros2_app_cpp) by extension 'ignore'
[0.101s] Level 1:colcon.colcon_core.package_identification:_identify(src/ros2_app_cpp) by extension 'ignore_ament_install'
[0.101s] Level 1:colcon.colcon_core.package_identification:_identify(src/ros2_app_cpp) by extensions ['colcon_pkg']
[0.101s] Level 1:colcon.colcon_core.package_identification:_identify(src/ros2_app_cpp) by extension 'colcon_pkg'
[0.101s] Level 1:colcon.colcon_core.package_identification:_identify(src/ros2_app_cpp) by extensions ['colcon_meta']
[0.101s] Level 1:colcon.colcon_core.package_identification:_identify(src/ros2_app_cpp) by extension 'colcon_meta'
[0.101s] Level 1:colcon.colcon_core.package_identification:_identify(src/ros2_app_cpp) by extensions ['ros']
[0.101s] Level 1:colcon.colcon_core.package_identification:_identify(src/ros2_app_cpp) by extension 'ros'
[0.103s] DEBUG:colcon.colcon_core.package_identification:Package 'src/ros2_app_cpp' with type 'ros.ament_cmake' and name 'ros2_app_cpp'
[0.103s] Level 1:colcon.colcon_core.package_discovery:discover_packages(recursive) using defaults
[0.103s] Level 1:colcon.colcon_core.package_discovery:discover_packages(ignore) discover
[0.103s] Level 1:colcon.colcon_core.package_discovery:discover_packages(ignore) using defaults
[0.103s] Level 1:colcon.colcon_core.package_discovery:discover_packages(path) discover
[0.103s] Level 1:colcon.colcon_core.package_discovery:discover_packages(path) using defaults
[0.114s] Level 1:colcon.colcon_core.package_discovery:discover_packages(prefix_path) check parameters
[0.114s] Level 1:colcon.colcon_core.package_discovery:discover_packages(prefix_path) discover
[0.115s] DEBUG:colcon.colcon_installed_package_information.package_discovery:Found 274 installed packages in /opt/ros/foxy
[0.116s] Level 1:colcon.colcon_core.package_discovery:discover_packages(prefix_path) using defaults
[0.163s] Level 5:colcon.colcon_core.verb:set package 'ros2_app_cpp' build argument 'cmake_args' from command line to 'None'
[0.164s] Level 5:colcon.colcon_core.verb:set package 'ros2_app_cpp' build argument 'cmake_target' from command line to 'None'
[0.164s] Level 5:colcon.colcon_core.verb:set package 'ros2_app_cpp' build argument 'cmake_target_skip_unavailable' from command line to 'False'
[0.164s] Level 5:colcon.colcon_core.verb:set package 'ros2_app_cpp' build argument 'cmake_clean_cache' from command line to 'False'
[0.164s] Level 5:colcon.colcon_core.verb:set package 'ros2_app_cpp' build argument 'cmake_clean_first' from command line to 'False'
[0.164s] Level 5:colcon.colcon_core.verb:set package 'ros2_app_cpp' build argument 'cmake_force_configure' from command line to 'False'
[0.164s] Level 5:colcon.colcon_core.verb:set package 'ros2_app_cpp' build argument 'ament_cmake_args' from command line to 'None'
[0.164s] Level 5:colcon.colcon_core.verb:set package 'ros2_app_cpp' build argument 'catkin_cmake_args' from command line to 'None'
[0.164s] Level 5:colcon.colcon_core.verb:set package 'ros2_app_cpp' build argument 'catkin_skip_building_tests' from command line to 'False'
[0.164s] DEBUG:colcon.colcon_core.verb:Building package 'ros2_app_cpp' with the following arguments: {'ament_cmake_args': None, 'build_base': '/home/ros2_ws/build/ros2_app_cpp', 'catkin_cmake_args': None, 'catkin_skip_building_tests': False, 'cmake_args': None, 'cmake_clean_cache': False, 'cmake_clean_first': False, 'cmake_force_configure': False, 'cmake_target': None, 'cmake_target_skip_unavailable': False, 'install_base': '/home/ros2_ws/install/ros2_app_cpp', 'merge_install': False, 'path': '/home/ros2_ws/src/ros2_app_cpp', 'symlink_install': False, 'test_result_base': None}
[0.164s] INFO:colcon.colcon_core.executor:Executing jobs using 'parallel' executor
[0.165s] DEBUG:colcon.colcon_parallel_executor.executor.parallel:run_until_complete
[0.165s] INFO:colcon.colcon_ros.task.ament_cmake.build:Building ROS package in '/home/ros2_ws/src/ros2_app_cpp' with build type 'ament_cmake'
[0.165s] INFO:colcon.colcon_cmake.task.cmake.build:Building CMake package in '/home/ros2_ws/src/ros2_app_cpp'
[0.167s] INFO:colcon.colcon_core.plugin_system:Skipping extension 'colcon_core.shell.bat': Not used on non-Windows systems
[0.167s] INFO:colcon.colcon_core.shell:Skip shell extension 'powershell' for command environment: Not usable outside of PowerShell
[0.167s] DEBUG:colcon.colcon_core.shell:Skip shell extension 'dsv' for command environment
[0.174s] DEBUG:colcon.colcon_core.event_handler.log_command:Invoking command in '/home/ros2_ws/build/ros2_app_cpp': CMAKE_PREFIX_PATH=/opt/ros/foxy /usr/bin/cmake --build /home/ros2_ws/build/ros2_app_cpp -- -j20 -l20
[0.579s] DEBUG:colcon.colcon_core.event_handler.log_command:Invoked command in '/home/ros2_ws/build/ros2_app_cpp' returned '0': CMAKE_PREFIX_PATH=/opt/ros/foxy /usr/bin/cmake --build /home/ros2_ws/build/ros2_app_cpp -- -j20 -l20
[0.630s] DEBUG:colcon.colcon_core.event_handler.log_command:Invoking command in '/home/ros2_ws/build/ros2_app_cpp': CMAKE_PREFIX_PATH=/opt/ros/foxy /usr/bin/cmake --install /home/ros2_ws/build/ros2_app_cpp
[0.636s] Level 1:colcon.colcon_core.environment:create_environment_scripts_only(ros2_app_cpp)
[0.637s] DEBUG:colcon.colcon_core.event_handler.log_command:Invoked command in '/home/ros2_ws/build/ros2_app_cpp' returned '0': CMAKE_PREFIX_PATH=/opt/ros/foxy /usr/bin/cmake --install /home/ros2_ws/build/ros2_app_cpp
[0.639s] Level 1:colcon.colcon_core.environment:checking '/home/ros2_ws/install/ros2_app_cpp' for CMake module files
[0.639s] Level 1:colcon.colcon_core.environment:checking '/home/ros2_ws/install/ros2_app_cpp' for CMake config files
[0.639s] Level 1:colcon.colcon_core.shell:create_environment_hook('ros2_app_cpp', 'cmake_prefix_path')
[0.640s] INFO:colcon.colcon_core.shell:Creating environment hook '/home/ros2_ws/install/ros2_app_cpp/share/ros2_app_cpp/hook/cmake_prefix_path.ps1'
[0.640s] INFO:colcon.colcon_core.shell:Creating environment descriptor '/home/ros2_ws/install/ros2_app_cpp/share/ros2_app_cpp/hook/cmake_prefix_path.dsv'
[0.640s] INFO:colcon.colcon_core.shell:Creating environment hook '/home/ros2_ws/install/ros2_app_cpp/share/ros2_app_cpp/hook/cmake_prefix_path.sh'
[0.641s] Level 1:colcon.colcon_core.environment:checking '/home/ros2_ws/install/ros2_app_cpp/lib'
[0.641s] Level 1:colcon.colcon_core.environment:checking '/home/ros2_ws/install/ros2_app_cpp/bin'
[0.641s] Level 1:colcon.colcon_core.environment:checking '/home/ros2_ws/install/ros2_app_cpp/lib/pkgconfig/ros2_app_cpp.pc'
[0.641s] Level 1:colcon.colcon_core.environment:checking '/home/ros2_ws/install/ros2_app_cpp/lib/python3.8/site-packages'
[0.642s] Level 1:colcon.colcon_core.environment:checking '/home/ros2_ws/install/ros2_app_cpp/bin'
[0.642s] INFO:colcon.colcon_core.shell:Creating package script '/home/ros2_ws/install/ros2_app_cpp/share/ros2_app_cpp/package.ps1'
[0.643s] INFO:colcon.colcon_core.shell:Creating package descriptor '/home/ros2_ws/install/ros2_app_cpp/share/ros2_app_cpp/package.dsv'
[0.643s] INFO:colcon.colcon_core.shell:Creating package script '/home/ros2_ws/install/ros2_app_cpp/share/ros2_app_cpp/package.sh'
[0.644s] INFO:colcon.colcon_core.shell:Creating package script '/home/ros2_ws/install/ros2_app_cpp/share/ros2_app_cpp/package.bash'
[0.645s] INFO:colcon.colcon_core.shell:Creating package script '/home/ros2_ws/install/ros2_app_cpp/share/ros2_app_cpp/package.zsh'
[0.645s] Level 1:colcon.colcon_core.environment:create_file_with_runtime_dependencies(/home/ros2_ws/install/ros2_app_cpp/share/colcon-core/packages/ros2_app_cpp)
[0.660s] Level 1:colcon.colcon_core.environment:create_environment_scripts_only(ros2_app_cpp)
[0.661s] Level 1:colcon.colcon_core.environment:checking '/home/ros2_ws/install/ros2_app_cpp' for CMake module files
[0.661s] Level 1:colcon.colcon_core.environment:checking '/home/ros2_ws/install/ros2_app_cpp' for CMake config files
[0.661s] Level 1:colcon.colcon_core.shell:create_environment_hook('ros2_app_cpp', 'cmake_prefix_path')
[0.662s] INFO:colcon.colcon_core.shell:Creating environment hook '/home/ros2_ws/install/ros2_app_cpp/share/ros2_app_cpp/hook/cmake_prefix_path.ps1'
[0.662s] INFO:colcon.colcon_core.shell:Creating environment descriptor '/home/ros2_ws/install/ros2_app_cpp/share/ros2_app_cpp/hook/cmake_prefix_path.dsv'
[0.663s] INFO:colcon.colcon_core.shell:Creating environment hook '/home/ros2_ws/install/ros2_app_cpp/share/ros2_app_cpp/hook/cmake_prefix_path.sh'
[0.663s] Level 1:colcon.colcon_core.environment:checking '/home/ros2_ws/install/ros2_app_cpp/lib'
[0.663s] Level 1:colcon.colcon_core.environment:checking '/home/ros2_ws/install/ros2_app_cpp/bin'
[0.663s] Level 1:colcon.colcon_core.environment:checking '/home/ros2_ws/install/ros2_app_cpp/lib/pkgconfig/ros2_app_cpp.pc'
[0.663s] Level 1:colcon.colcon_core.environment:checking '/home/ros2_ws/install/ros2_app_cpp/lib/python3.8/site-packages'
[0.663s] Level 1:colcon.colcon_core.environment:checking '/home/ros2_ws/install/ros2_app_cpp/bin'
[0.664s] INFO:colcon.colcon_core.shell:Creating package script '/home/ros2_ws/install/ros2_app_cpp/share/ros2_app_cpp/package.ps1'
[0.664s] INFO:colcon.colcon_core.shell:Creating package descriptor '/home/ros2_ws/install/ros2_app_cpp/share/ros2_app_cpp/package.dsv'
[0.664s] INFO:colcon.colcon_core.shell:Creating package script '/home/ros2_ws/install/ros2_app_cpp/share/ros2_app_cpp/package.sh'
[0.665s] INFO:colcon.colcon_core.shell:Creating package script '/home/ros2_ws/install/ros2_app_cpp/share/ros2_app_cpp/package.bash'
[0.665s] INFO:colcon.colcon_core.shell:Creating package script '/home/ros2_ws/install/ros2_app_cpp/share/ros2_app_cpp/package.zsh'
[0.665s] Level 1:colcon.colcon_core.environment:create_file_with_runtime_dependencies(/home/ros2_ws/install/ros2_app_cpp/share/colcon-core/packages/ros2_app_cpp)
[0.665s] DEBUG:colcon.colcon_parallel_executor.executor.parallel:closing loop
[0.665s] DEBUG:colcon.colcon_parallel_executor.executor.parallel:loop closed
[0.665s] DEBUG:colcon.colcon_parallel_executor.executor.parallel:run_until_complete finished with '0'
[0.665s] DEBUG:colcon.colcon_core.event_reactor:joining thread
[0.671s] INFO:colcon.colcon_core.plugin_system:Skipping extension 'colcon_notification.desktop_notification.notify_send': Could not find 'notify-send'
[0.672s] INFO:colcon.colcon_core.plugin_system:Skipping extension 'colcon_notification.desktop_notification.terminal_notifier': Not used on non-Darwin systems
[0.672s] INFO:colcon.colcon_core.plugin_system:Skipping extension 'colcon_notification.desktop_notification.win32': Not used on non-Windows systems
[0.672s] INFO:colcon.colcon_notification.desktop_notification:Sending desktop notification using 'notify2'
[0.672s] DEBUG:colcon.colcon_notification.desktop_notification.notify2:Failed to initialize notify2: org.freedesktop.DBus.Error.NotSupported: Unable to autolaunch a dbus-daemon without a $DISPLAY for X11
[0.672s] DEBUG:colcon.colcon_core.event_reactor:joined thread
[0.672s] INFO:colcon.colcon_core.shell:Creating prefix script '/home/ros2_ws/install/local_setup.ps1'
[0.673s] INFO:colcon.colcon_core.shell:Creating prefix util module '/home/ros2_ws/install/_local_setup_util_ps1.py'
[0.675s] INFO:colcon.colcon_core.shell:Creating prefix chain script '/home/ros2_ws/install/setup.ps1'
[0.676s] INFO:colcon.colcon_core.shell:Creating prefix script '/home/ros2_ws/install/local_setup.sh'
[0.676s] INFO:colcon.colcon_core.shell:Creating prefix util module '/home/ros2_ws/install/_local_setup_util_sh.py'
[0.676s] INFO:colcon.colcon_core.shell:Creating prefix chain script '/home/ros2_ws/install/setup.sh'
[0.677s] INFO:colcon.colcon_core.shell:Creating prefix script '/home/ros2_ws/install/local_setup.bash'
[0.677s] INFO:colcon.colcon_core.shell:Creating prefix chain script '/home/ros2_ws/install/setup.bash'
[0.678s] INFO:colcon.colcon_core.shell:Creating prefix script '/home/ros2_ws/install/local_setup.zsh'
[0.678s] INFO:colcon.colcon_core.shell:Creating prefix chain script '/home/ros2_ws/install/setup.zsh'
