-- Found ament_cmake: 0.9.9 (/opt/ros/foxy/share/ament_cmake/cmake)
-- Using PYTHON_EXECUTABLE: /usr/bin/python3
-- Found rclcpp: 2.4.1 (/opt/ros/foxy/share/rclcpp/cmake)
-- Using all available rosidl_typesupport_c: rosidl_typesupport_fastrtps_c;rosidl_typesupport_introspection_c
-- Found rosidl_adapter: 1.2.1 (/opt/ros/foxy/share/rosidl_adapter/cmake)
-- Using all available rosidl_typesupport_cpp: rosidl_typesupport_fastrtps_cpp;rosidl_typesupport_introspection_cpp
-- Found rmw_implementation_cmake: 1.0.3 (/opt/ros/foxy/share/rmw_implementation_cmake/cmake)
-- Using RMW implementation 'rmw_fastrtps_cpp' as default
-- Configuring done
-- Generating done
-- Build files have been written to: /home/ros2_ws/build/ros2_app_cpp
[100%] Built target number_publisher
-- Install configuration: ""
-- Installing: /home/ros2_ws/install/ros2_app_cpp/lib/ros2_app_cpp/number_publisher
-- Set runtime path of "/home/ros2_ws/install/ros2_app_cpp/lib/ros2_app_cpp/number_publisher" to ""
-- Up-to-date: /home/ros2_ws/install/ros2_app_cpp/share/ament_index/resource_index/package_run_dependencies/ros2_app_cpp
-- Up-to-date: /home/ros2_ws/install/ros2_app_cpp/share/ament_index/resource_index/parent_prefix_path/ros2_app_cpp
-- Up-to-date: /home/ros2_ws/install/ros2_app_cpp/share/ros2_app_cpp/environment/ament_prefix_path.sh
-- Installing: /home/ros2_ws/install/ros2_app_cpp/share/ros2_app_cpp/environment/ament_prefix_path.dsv
-- Up-to-date: /home/ros2_ws/install/ros2_app_cpp/share/ros2_app_cpp/environment/path.sh
-- Installing: /home/ros2_ws/install/ros2_app_cpp/share/ros2_app_cpp/environment/path.dsv
-- Up-to-date: /home/ros2_ws/install/ros2_app_cpp/share/ros2_app_cpp/local_setup.bash
-- Up-to-date: /home/ros2_ws/install/ros2_app_cpp/share/ros2_app_cpp/local_setup.sh
-- Up-to-date: /home/ros2_ws/install/ros2_app_cpp/share/ros2_app_cpp/local_setup.zsh
-- Installing: /home/ros2_ws/install/ros2_app_cpp/share/ros2_app_cpp/local_setup.dsv
-- Installing: /home/ros2_ws/install/ros2_app_cpp/share/ros2_app_cpp/package.dsv
-- Up-to-date: /home/ros2_ws/install/ros2_app_cpp/share/ament_index/resource_index/packages/ros2_app_cpp
-- Up-to-date: /home/ros2_ws/install/ros2_app_cpp/share/ros2_app_cpp/cmake/ros2_app_cppConfig.cmake
-- Up-to-date: /home/ros2_ws/install/ros2_app_cpp/share/ros2_app_cpp/cmake/ros2_app_cppConfig-version.cmake
-- Up-to-date: /home/ros2_ws/install/ros2_app_cpp/share/ros2_app_cpp/package.xml
