[0.009s] Invoking command in '/home/ros2_ws/build/ros2_app_cpp': CMAKE_PREFIX_PATH=/opt/ros/foxy /usr/bin/cmake --build /home/ros2_ws/build/ros2_app_cpp -- -j20 -l20
[0.023s] -- Found ament_cmake: 0.9.9 (/opt/ros/foxy/share/ament_cmake/cmake)
[0.039s] -- Using PYTHON_EXECUTABLE: /usr/bin/python3
[0.134s] -- Found rclcpp: 2.4.1 (/opt/ros/foxy/share/rclcpp/cmake)
[0.151s] -- Using all available rosidl_typesupport_c: rosidl_typesupport_fastrtps_c;rosidl_typesupport_introspection_c
[0.153s] -- Found rosidl_adapter: 1.2.1 (/opt/ros/foxy/share/rosidl_adapter/cmake)
[0.226s] -- Using all available rosidl_typesupport_cpp: rosidl_typesupport_fastrtps_cpp;rosidl_typesupport_introspection_cpp
[0.252s] -- Found rmw_implementation_cmake: 1.0.3 (/opt/ros/foxy/share/rmw_implementation_cmake/cmake)
[0.253s] -- Using RMW implementation 'rmw_fastrtps_cpp' as default
[0.364s] -- Configuring done
[0.368s] -- Generating done
[0.368s] -- Build files have been written to: /home/ros2_ws/build/ros2_app_cpp
[0.402s] [100%] Built target number_publisher
[0.413s] Invoked command in '/home/ros2_ws/build/ros2_app_cpp' returned '0': CMAKE_PREFIX_PATH=/opt/ros/foxy /usr/bin/cmake --build /home/ros2_ws/build/ros2_app_cpp -- -j20 -l20
[0.464s] Invoking command in '/home/ros2_ws/build/ros2_app_cpp': CMAKE_PREFIX_PATH=/opt/ros/foxy /usr/bin/cmake --install /home/ros2_ws/build/ros2_app_cpp
[0.469s] -- Install configuration: ""
[0.469s] -- Installing: /home/ros2_ws/install/ros2_app_cpp/lib/ros2_app_cpp/number_publisher
[0.469s] -- Set runtime path of "/home/ros2_ws/install/ros2_app_cpp/lib/ros2_app_cpp/number_publisher" to ""
[0.469s] -- Up-to-date: /home/ros2_ws/install/ros2_app_cpp/share/ament_index/resource_index/package_run_dependencies/ros2_app_cpp
[0.469s] -- Up-to-date: /home/ros2_ws/install/ros2_app_cpp/share/ament_index/resource_index/parent_prefix_path/ros2_app_cpp
[0.469s] -- Up-to-date: /home/ros2_ws/install/ros2_app_cpp/share/ros2_app_cpp/environment/ament_prefix_path.sh
[0.469s] -- Installing: /home/ros2_ws/install/ros2_app_cpp/share/ros2_app_cpp/environment/ament_prefix_path.dsv
[0.470s] -- Up-to-date: /home/ros2_ws/install/ros2_app_cpp/share/ros2_app_cpp/environment/path.sh
[0.470s] -- Installing: /home/ros2_ws/install/ros2_app_cpp/share/ros2_app_cpp/environment/path.dsv
[0.470s] -- Up-to-date: /home/ros2_ws/install/ros2_app_cpp/share/ros2_app_cpp/local_setup.bash
[0.470s] -- Up-to-date: /home/ros2_ws/install/ros2_app_cpp/share/ros2_app_cpp/local_setup.sh
[0.470s] -- Up-to-date: /home/ros2_ws/install/ros2_app_cpp/share/ros2_app_cpp/local_setup.zsh
[0.470s] -- Installing: /home/ros2_ws/install/ros2_app_cpp/share/ros2_app_cpp/local_setup.dsv
[0.470s] -- Installing: /home/ros2_ws/install/ros2_app_cpp/share/ros2_app_cpp/package.dsv
[0.470s] -- Up-to-date: /home/ros2_ws/install/ros2_app_cpp/share/ament_index/resource_index/packages/ros2_app_cpp
[0.470s] -- Up-to-date: /home/ros2_ws/install/ros2_app_cpp/share/ros2_app_cpp/cmake/ros2_app_cppConfig.cmake
[0.470s] -- Up-to-date: /home/ros2_ws/install/ros2_app_cpp/share/ros2_app_cpp/cmake/ros2_app_cppConfig-version.cmake
[0.471s] -- Up-to-date: /home/ros2_ws/install/ros2_app_cpp/share/ros2_app_cpp/package.xml
[0.471s] Invoked command in '/home/ros2_ws/build/ros2_app_cpp' returned '0': CMAKE_PREFIX_PATH=/opt/ros/foxy /usr/bin/cmake --install /home/ros2_ws/build/ros2_app_cpp
