[35m[1mScanning dependencies of target number_publisher[0m
[ 50%] [32mBuilding CXX object CMakeFiles/number_publisher.dir/src/number_publisher.cpp.o[0m
[100%] [32m[1mLinking CXX executable number_publisher[0m
[100%] Built target number_publisher
-- Install configuration: ""
-- Installing: /home/ros2_ws/install/ros2_app_cpp/lib/ros2_app_cpp/number_publisher
-- Set runtime path of "/home/ros2_ws/install/ros2_app_cpp/lib/ros2_app_cpp/number_publisher" to ""
-- Up-to-date: /home/ros2_ws/install/ros2_app_cpp/share/ament_index/resource_index/package_run_dependencies/ros2_app_cpp
-- Up-to-date: /home/ros2_ws/install/ros2_app_cpp/share/ament_index/resource_index/parent_prefix_path/ros2_app_cpp
-- Up-to-date: /home/ros2_ws/install/ros2_app_cpp/share/ros2_app_cpp/environment/ament_prefix_path.sh
-- Up-to-date: /home/ros2_ws/install/ros2_app_cpp/share/ros2_app_cpp/environment/ament_prefix_path.dsv
-- Up-to-date: /home/ros2_ws/install/ros2_app_cpp/share/ros2_app_cpp/environment/path.sh
-- Up-to-date: /home/ros2_ws/install/ros2_app_cpp/share/ros2_app_cpp/environment/path.dsv
-- Up-to-date: /home/ros2_ws/install/ros2_app_cpp/share/ros2_app_cpp/local_setup.bash
-- Up-to-date: /home/ros2_ws/install/ros2_app_cpp/share/ros2_app_cpp/local_setup.sh
-- Up-to-date: /home/ros2_ws/install/ros2_app_cpp/share/ros2_app_cpp/local_setup.zsh
-- Up-to-date: /home/ros2_ws/install/ros2_app_cpp/share/ros2_app_cpp/local_setup.dsv
-- Installing: /home/ros2_ws/install/ros2_app_cpp/share/ros2_app_cpp/package.dsv
-- Up-to-date: /home/ros2_ws/install/ros2_app_cpp/share/ament_index/resource_index/packages/ros2_app_cpp
-- Up-to-date: /home/ros2_ws/install/ros2_app_cpp/share/ros2_app_cpp/cmake/ros2_app_cppConfig.cmake
-- Up-to-date: /home/ros2_ws/install/ros2_app_cpp/share/ros2_app_cpp/cmake/ros2_app_cppConfig-version.cmake
-- Up-to-date: /home/ros2_ws/install/ros2_app_cpp/share/ros2_app_cpp/package.xml
