[0.008s] Invoking command in '/home/ros2_ws/build/ros2_app_cpp': CMAKE_PREFIX_PATH=${CMAKE_PREFIX_PATH}:/opt/ros/foxy /usr/bin/cmake --build /home/ros2_ws/build/ros2_app_cpp -- -j20 -l20
[0.030s] [35m[1mScanning dependencies of target number_publisher[0m
[0.045s] [ 50%] [32mBuilding CXX object CMakeFiles/number_publisher.dir/src/number_publisher.cpp.o[0m
[0.911s] [100%] [32m[1mLinking CXX executable number_publisher[0m
[0.972s] [100%] Built target number_publisher
[0.978s] Invoked command in '/home/ros2_ws/build/ros2_app_cpp' returned '0': CMAKE_PREFIX_PATH=${CMAKE_PREFIX_PATH}:/opt/ros/foxy /usr/bin/cmake --build /home/ros2_ws/build/ros2_app_cpp -- -j20 -l20
[1.004s] Invoking command in '/home/ros2_ws/build/ros2_app_cpp': CMAKE_PREFIX_PATH=${CMAKE_PREFIX_PATH}:/opt/ros/foxy /usr/bin/cmake --install /home/ros2_ws/build/ros2_app_cpp
[1.011s] -- Install configuration: ""
[1.011s] -- Installing: /home/ros2_ws/install/ros2_app_cpp/lib/ros2_app_cpp/number_publisher
[1.011s] -- Set runtime path of "/home/ros2_ws/install/ros2_app_cpp/lib/ros2_app_cpp/number_publisher" to ""
[1.011s] -- Up-to-date: /home/ros2_ws/install/ros2_app_cpp/share/ament_index/resource_index/package_run_dependencies/ros2_app_cpp
[1.011s] -- Up-to-date: /home/ros2_ws/install/ros2_app_cpp/share/ament_index/resource_index/parent_prefix_path/ros2_app_cpp
[1.011s] -- Up-to-date: /home/ros2_ws/install/ros2_app_cpp/share/ros2_app_cpp/environment/ament_prefix_path.sh
[1.012s] -- Up-to-date: /home/ros2_ws/install/ros2_app_cpp/share/ros2_app_cpp/environment/ament_prefix_path.dsv
[1.012s] -- Up-to-date: /home/ros2_ws/install/ros2_app_cpp/share/ros2_app_cpp/environment/path.sh
[1.012s] -- Up-to-date: /home/ros2_ws/install/ros2_app_cpp/share/ros2_app_cpp/environment/path.dsv
[1.012s] -- Up-to-date: /home/ros2_ws/install/ros2_app_cpp/share/ros2_app_cpp/local_setup.bash
[1.012s] -- Up-to-date: /home/ros2_ws/install/ros2_app_cpp/share/ros2_app_cpp/local_setup.sh
[1.012s] -- Up-to-date: /home/ros2_ws/install/ros2_app_cpp/share/ros2_app_cpp/local_setup.zsh
[1.012s] -- Up-to-date: /home/ros2_ws/install/ros2_app_cpp/share/ros2_app_cpp/local_setup.dsv
[1.012s] -- Installing: /home/ros2_ws/install/ros2_app_cpp/share/ros2_app_cpp/package.dsv
[1.012s] -- Up-to-date: /home/ros2_ws/install/ros2_app_cpp/share/ament_index/resource_index/packages/ros2_app_cpp
[1.012s] -- Up-to-date: /home/ros2_ws/install/ros2_app_cpp/share/ros2_app_cpp/cmake/ros2_app_cppConfig.cmake
[1.012s] -- Up-to-date: /home/ros2_ws/install/ros2_app_cpp/share/ros2_app_cpp/cmake/ros2_app_cppConfig-version.cmake
[1.012s] -- Up-to-date: /home/ros2_ws/install/ros2_app_cpp/share/ros2_app_cpp/package.xml
[1.013s] Invoked command in '/home/ros2_ws/build/ros2_app_cpp' returned '0': CMAKE_PREFIX_PATH=${CMAKE_PREFIX_PATH}:/opt/ros/foxy /usr/bin/cmake --install /home/ros2_ws/build/ros2_app_cpp
